<?xml version="1.0" encoding="UTF-8"?>
<testsuite xmlns:xsi="http://www.w3.org/2001/XMLSchema-instance" xsi:noNamespaceSchemaLocation="https://maven.apache.org/surefire/maven-surefire-plugin/xsd/surefire-test-report-3.0.xsd" version="3.0" name="com.gameapp.GameAppApplicationTests" time="0.206" tests="1" errors="0" skipped="0" failures="0">
  <properties>
[...]
</properties>
  <testcase name="contextLoads" classname="com.gameapp.GameAppApplicationTests" time="0.001">
    <system-out><![CDATA[2026-03-06T16:50:53.158+05:30  INFO 32920 --- [GameApp] [           main] t.c.s.AnnotationConfigContextLoaderUtils : Could not detect default configuration classes for test class [com.gameapp.GameAppApplicationTests]: GameAppApplicationTests does not declare any static, non-private, non-final, nested classes annotated with @Configuration.
2026-03-06T16:50:53.160+05:30  INFO 32920 --- [GameApp] [           main] .b.t.c.SpringBootTestContextBootstrapper : Found @SpringBootConfiguration com.gameapp.GameAppApplication for test class com.gameapp.GameAppApplicationTests

  .   ____          _            __ _ _
 /\\ / ___'_ __ _ _(_)_ __  __ _ \ \ \ \
( ( )\___ | '_ | '_| | '_ \/ _` | \ \ \ \
 \\/  ___)| |_)| | | | | || (_| |  ) ) ) )
  '  |____| .__|_| |_|_| |_\__, | / / / /
 =========|_|==============|___/=/_/_/_/

 :: Spring Boot ::                (v3.3.2)

2026-03-06T16:50:53.171+05:30  INFO 32920 --- [GameApp] [           main] com.gameapp.GameAppApplicationTests      : Starting GameAppApplicationTests using Java 25.0.1 with PID 32920 (started by manojkrishnappa in /Users/manojkrishnappa/Second-project/gameapp)
2026-03-06T16:50:53.171+05:30 DEBUG 32920 --- [GameApp] [           main] com.gameapp.GameAppApplicationTests      : Running with Spring Boot v3.3.2, Spring v6.1.11
2026-03-06T16:50:53.171+05:30  INFO 32920 --- [GameApp] [           main] com.gameapp.GameAppApplicationTests      : The following 1 profile is active: "test"
2026-03-06T16:50:53.219+05:30  INFO 32920 --- [GameApp] [           main] .s.d.r.c.RepositoryConfigurationDelegate : Bootstrapping Spring Data JPA repositories in DEFAULT mode.
2026-03-06T16:50:53.223+05:30  INFO 32920 --- [GameApp] [           main] .s.d.r.c.RepositoryConfigurationDelegate : Finished Spring Data repository scanning in 3 ms. Found 1 JPA repository interface.
2026-03-06T16:50:53.251+05:30  INFO 32920 --- [GameApp] [           main] o.hibernate.jpa.internal.util.LogHelper  : HHH000204: Processing PersistenceUnitInfo [name: default]
2026-03-06T16:50:53.252+05:30  INFO 32920 --- [GameApp] [           main] o.h.c.internal.RegionFactoryInitiator    : HHH000026: Second-level cache disabled
2026-03-06T16:50:53.255+05:30  INFO 32920 --- [GameApp] [           main] o.s.o.j.p.SpringPersistenceUnitInfo      : No LoadTimeWeaver setup: ignoring JPA class transformer
2026-03-06T16:50:53.255+05:30  INFO 32920 --- [GameApp] [           main] com.zaxxer.hikari.HikariDataSource       : HikariPool-2 - Starting...
2026-03-06T16:50:53.256+05:30  INFO 32920 --- [GameApp] [           main] com.zaxxer.hikari.pool.HikariPool        : HikariPool-2 - Added connection conn23: url=jdbc:h2:mem:testdb user=SA
2026-03-06T16:50:53.256+05:30  INFO 32920 --- [GameApp] [           main] com.zaxxer.hikari.HikariDataSource       : HikariPool-2 - Start completed.
2026-03-06T16:50:53.256+05:30  WARN 32920 --- [GameApp] [           main] org.hibernate.orm.deprecation            : HHH90000025: H2Dialect does not need to be specified explicitly using 'hibernate.dialect' (remove the property setting and it will be selected by default)
2026-03-06T16:50:53.273+05:30  INFO 32920 --- [GameApp] [           main] o.h.e.t.j.p.i.JtaPlatformInitiator       : HHH000489: No JTA platform available (set 'hibernate.transaction.jta.platform' to enable JTA platform integration)
Hibernate: 
    drop table if exists users cascade 
Hibernate: 
    create table users (
        created_at timestamp(6),
        id bigint generated by default as identity,
        last_login timestamp(6),
        first_name varchar(50),
        last_name varchar(50),
        username varchar(50) not null unique,
        email varchar(100) not null unique,
        password varchar(255) not null,
        primary key (id)
    )
2026-03-06T16:50:53.275+05:30  INFO 32920 --- [GameApp] [           main] j.LocalContainerEntityManagerFactoryBean : Initialized JPA EntityManagerFactory for persistence unit 'default'
2026-03-06T16:50:53.293+05:30  WARN 32920 --- [GameApp] [           main] JpaBaseConfiguration$JpaWebConfiguration : spring.jpa.open-in-view is enabled by default. Therefore, database queries may be performed during view rendering. Explicitly configure spring.jpa.open-in-view to disable this warning
2026-03-06T16:50:53.296+05:30  INFO 32920 --- [GameApp] [           main] r$InitializeUserDetailsManagerConfigurer : Global AuthenticationManager configured with UserDetailsService bean with name userService
2026-03-06T16:50:53.326+05:30 DEBUG 32920 --- [GameApp] [           main] o.s.s.web.DefaultSecurityFilterChain     : Will secure any request with filters: DisableEncodeUrlFilter, WebAsyncManagerIntegrationFilter, SecurityContextHolderFilter, HeaderWriterFilter, CorsFilter, CsrfFilter, LogoutFilter, UsernamePasswordAuthenticationFilter, ConcurrentSessionFilter, RequestCacheAwareFilter, SecurityContextHolderAwareRequestFilter, AnonymousAuthenticationFilter, SessionManagementFilter, ExceptionTranslationFilter, AuthorizationFilter
2026-03-06T16:50:53.353+05:30  INFO 32920 --- [GameApp] [           main] o.s.b.a.h2.H2ConsoleAutoConfiguration    : H2 console available at '/h2-console'. Database available at 'jdbc:h2:mem:testdb'
2026-03-06T16:50:53.361+05:30  INFO 32920 --- [GameApp] [           main] com.gameapp.GameAppApplicationTests      : Started GameAppApplicationTests in 0.199 seconds (process running for 7.791)
]]></system-out>
  </testcase>
</testsuite>