<?xml version="1.0" encoding="UTF-8"?>
<testsuite xmlns:xsi="http://www.w3.org/2001/XMLSchema-instance" xsi:noNamespaceSchemaLocation="https://maven.apache.org/surefire/maven-surefire-plugin/xsd/surefire-test-report-3.0.xsd" version="3.0" name="com.gameapp.integration.GameAppIntegrationTest" time="5.506" tests="16" errors="0" skipped="0" failures="0">
  <properties>
[...]
</properties>
  <testcase name="integrationTest_Root_RedirectsToLogin" classname="com.gameapp.integration.GameAppIntegrationTest" time="0.032">
    <system-out><![CDATA[2026-03-06T16:50:47.652+05:30  INFO 32920 --- [GameApp] [           main] t.c.s.AnnotationConfigContextLoaderUtils : Could not detect default configuration classes for test class [com.gameapp.integration.GameAppIntegrationTest]: GameAppIntegrationTest does not declare any static, non-private, non-final, nested classes annotated with @Configuration.
2026-03-06T16:50:47.657+05:30  INFO 32920 --- [GameApp] [           main] .b.t.c.SpringBootTestContextBootstrapper : Found @SpringBootConfiguration com.gameapp.GameAppApplication for test class com.gameapp.integration.GameAppIntegrationTest

  .   ____          _            __ _ _
 /\\ / ___'_ __ _ _(_)_ __  __ _ \ \ \ \
( ( )\___ | '_ | '_| | '_ \/ _` | \ \ \ \
 \\/  ___)| |_)| | | | | || (_| |  ) ) ) )
  '  |____| .__|_| |_|_| |_\__, | / / / /
 =========|_|==============|___/=/_/_/_/

 :: Spring Boot ::                (v3.3.2)

2026-03-06T16:50:47.676+05:30  INFO 32920 --- [GameApp] [           main] c.g.integration.GameAppIntegrationTest   : Starting GameAppIntegrationTest using Java 25.0.1 with PID 32920 (started by manojkrishnappa in /Users/manojkrishnappa/Second-project/gameapp)
2026-03-06T16:50:47.676+05:30 DEBUG 32920 --- [GameApp] [           main] c.g.integration.GameAppIntegrationTest   : Running with Spring Boot v3.3.2, Spring v6.1.11
2026-03-06T16:50:47.676+05:30  INFO 32920 --- [GameApp] [           main] c.g.integration.GameAppIntegrationTest   : The following 1 profile is active: "test"
2026-03-06T16:50:47.807+05:30  INFO 32920 --- [GameApp] [           main] .s.d.r.c.RepositoryConfigurationDelegate : Bootstrapping Spring Data JPA repositories in DEFAULT mode.
2026-03-06T16:50:47.810+05:30  INFO 32920 --- [GameApp] [           main] .s.d.r.c.RepositoryConfigurationDelegate : Finished Spring Data repository scanning in 3 ms. Found 1 JPA repository interface.
2026-03-06T16:50:47.898+05:30  INFO 32920 --- [GameApp] [           main] o.hibernate.jpa.internal.util.LogHelper  : HHH000204: Processing PersistenceUnitInfo [name: default]
2026-03-06T16:50:47.899+05:30  INFO 32920 --- [GameApp] [           main] o.h.c.internal.RegionFactoryInitiator    : HHH000026: Second-level cache disabled
2026-03-06T16:50:47.902+05:30  INFO 32920 --- [GameApp] [           main] o.s.o.j.p.SpringPersistenceUnitInfo      : No LoadTimeWeaver setup: ignoring JPA class transformer
2026-03-06T16:50:47.903+05:30  INFO 32920 --- [GameApp] [           main] com.zaxxer.hikari.HikariDataSource       : HikariPool-1 - Starting...
2026-03-06T16:50:47.908+05:30  INFO 32920 --- [GameApp] [           main] com.zaxxer.hikari.pool.HikariPool        : HikariPool-1 - Added connection conn21: url=jdbc:h2:mem:testdb user=SA
2026-03-06T16:50:47.909+05:30  INFO 32920 --- [GameApp] [           main] com.zaxxer.hikari.HikariDataSource       : HikariPool-1 - Start completed.
2026-03-06T16:50:47.911+05:30  WARN 32920 --- [GameApp] [           main] org.hibernate.orm.deprecation            : HHH90000025: H2Dialect does not need to be specified explicitly using 'hibernate.dialect' (remove the property setting and it will be selected by default)
2026-03-06T16:50:47.936+05:30  INFO 32920 --- [GameApp] [           main] o.h.e.t.j.p.i.JtaPlatformInitiator       : HHH000489: No JTA platform available (set 'hibernate.transaction.jta.platform' to enable JTA platform integration)
Hibernate: 
    drop table if exists users cascade 
Hibernate: 
    create table users (
        created_at timestamp(6),
        id bigint generated by default as identity,
        last_login timestamp(6),
        first_name varchar(50),
        last_name varchar(50),
        username varchar(50) not null unique,
        email varchar(100) not null unique,
        password varchar(255) not null,
        primary key (id)
    )
2026-03-06T16:50:47.938+05:30  INFO 32920 --- [GameApp] [           main] j.LocalContainerEntityManagerFactoryBean : Initialized JPA EntityManagerFactory for persistence unit 'default'
2026-03-06T16:50:47.997+05:30  WARN 32920 --- [GameApp] [           main] JpaBaseConfiguration$JpaWebConfiguration : spring.jpa.open-in-view is enabled by default. Therefore, database queries may be performed during view rendering. Explicitly configure spring.jpa.open-in-view to disable this warning
2026-03-06T16:50:48.007+05:30  INFO 32920 --- [GameApp] [           main] r$InitializeUserDetailsManagerConfigurer : Global AuthenticationManager configured with UserDetailsService bean with name userService
2026-03-06T16:50:48.137+05:30 DEBUG 32920 --- [GameApp] [           main] o.s.s.web.DefaultSecurityFilterChain     : Will secure any request with filters: DisableEncodeUrlFilter, WebAsyncManagerIntegrationFilter, SecurityContextHolderFilter, HeaderWriterFilter, CorsFilter, CsrfFilter, LogoutFilter, UsernamePasswordAuthenticationFilter, ConcurrentSessionFilter, RequestCacheAwareFilter, SecurityContextHolderAwareRequestFilter, AnonymousAuthenticationFilter, SessionManagementFilter, ExceptionTranslationFilter, AuthorizationFilter
2026-03-06T16:50:48.281+05:30  INFO 32920 --- [GameApp] [           main] o.s.b.a.h2.H2ConsoleAutoConfiguration    : H2 console available at '/h2-console'. Database available at 'jdbc:h2:mem:testdb'
2026-03-06T16:50:48.311+05:30  INFO 32920 --- [GameApp] [           main] o.s.b.t.m.w.SpringBootMockServletContext : Initializing Spring TestDispatcherServlet ''
2026-03-06T16:50:48.311+05:30  INFO 32920 --- [GameApp] [           main] o.s.t.web.servlet.TestDispatcherServlet  : Initializing Servlet ''
2026-03-06T16:50:48.311+05:30  INFO 32920 --- [GameApp] [           main] o.s.t.web.servlet.TestDispatcherServlet  : Completed initialization in 0 ms
2026-03-06T16:50:48.318+05:30  INFO 32920 --- [GameApp] [           main] c.g.integration.GameAppIntegrationTest   : Started GameAppIntegrationTest in 0.655 seconds (process running for 2.748)
Hibernate: 
    select
        u1_0.id,
        u1_0.created_at,
        u1_0.email,
        u1_0.first_name,
        u1_0.last_login,
        u1_0.last_name,
        u1_0.password,
        u1_0.username 
    from
        users u1_0
2026-03-06T16:50:48.335+05:30 DEBUG 32920 --- [GameApp] [           main] o.s.security.web.FilterChainProxy        : Securing GET /
2026-03-06T16:50:48.338+05:30 DEBUG 32920 --- [GameApp] [           main] o.s.s.w.a.AnonymousAuthenticationFilter  : Set SecurityContextHolder to anonymous SecurityContext
2026-03-06T16:50:48.339+05:30 DEBUG 32920 --- [GameApp] [           main] o.s.security.web.FilterChainProxy        : Secured GET /
]]></system-out>
  </testcase>
  <testcase name="integrationTest_MultipleUsers_PersistIndependently" classname="com.gameapp.integration.GameAppIntegrationTest" time="0.951">
    <system-out><![CDATA[Hibernate: 
    select
        u1_0.id,
        u1_0.created_at,
        u1_0.email,
        u1_0.first_name,
        u1_0.last_login,
        u1_0.last_name,
        u1_0.password,
        u1_0.username 
    from
        users u1_0
Hibernate: 
    select
        u1_0.id 
    from
        users u1_0 
    where
        u1_0.username=? 
    fetch
        first ? rows only
Hibernate: 
    select
        u1_0.id 
    from
        users u1_0 
    where
        u1_0.email=? 
    fetch
        first ? rows only
Hibernate: 
    insert 
    into
        users
        (created_at, email, first_name, last_login, last_name, password, username, id) 
    values
        (?, ?, ?, ?, ?, ?, ?, default)
Hibernate: 
    select
        u1_0.id 
    from
        users u1_0 
    where
        u1_0.username=? 
    fetch
        first ? rows only
Hibernate: 
    select
        u1_0.id 
    from
        users u1_0 
    where
        u1_0.email=? 
    fetch
        first ? rows only
Hibernate: 
    insert 
    into
        users
        (created_at, email, first_name, last_login, last_name, password, username, id) 
    values
        (?, ?, ?, ?, ?, ?, ?, default)
Hibernate: 
    select
        u1_0.id 
    from
        users u1_0 
    where
        u1_0.username=? 
    fetch
        first ? rows only
Hibernate: 
    select
        u1_0.id 
    from
        users u1_0 
    where
        u1_0.email=? 
    fetch
        first ? rows only
Hibernate: 
    insert 
    into
        users
        (created_at, email, first_name, last_login, last_name, password, username, id) 
    values
        (?, ?, ?, ?, ?, ?, ?, default)
Hibernate: 
    select
        count(*) 
    from
        users u1_0
Hibernate: 
    select
        u1_0.id 
    from
        users u1_0 
    where
        u1_0.username=? 
    fetch
        first ? rows only
Hibernate: 
    select
        u1_0.id 
    from
        users u1_0 
    where
        u1_0.username=? 
    fetch
        first ? rows only
Hibernate: 
    select
        u1_0.id 
    from
        users u1_0 
    where
        u1_0.username=? 
    fetch
        first ? rows only
]]></system-out>
  </testcase>
  <testcase name="integrationTest_Login_Success_RedirectsToDashboard" classname="com.gameapp.integration.GameAppIntegrationTest" time="0.914">
    <system-out><![CDATA[Hibernate: 
    select
        u1_0.id,
        u1_0.created_at,
        u1_0.email,
        u1_0.first_name,
        u1_0.last_login,
        u1_0.last_name,
        u1_0.password,
        u1_0.username 
    from
        users u1_0
Hibernate: 
    delete 
    from
        users 
    where
        id=?
Hibernate: 
    delete 
    from
        users 
    where
        id=?
Hibernate: 
    delete 
    from
        users 
    where
        id=?
Hibernate: 
    select
        u1_0.id 
    from
        users u1_0 
    where
        u1_0.username=? 
    fetch
        first ? rows only
Hibernate: 
    select
        u1_0.id 
    from
        users u1_0 
    where
        u1_0.email=? 
    fetch
        first ? rows only
Hibernate: 
    insert 
    into
        users
        (created_at, email, first_name, last_login, last_name, password, username, id) 
    values
        (?, ?, ?, ?, ?, ?, ?, default)
2026-03-06T16:50:49.622+05:30 DEBUG 32920 --- [GameApp] [           main] o.s.security.web.FilterChainProxy        : Securing POST /login
Hibernate: 
    select
        u1_0.id,
        u1_0.created_at,
        u1_0.email,
        u1_0.first_name,
        u1_0.last_login,
        u1_0.last_name,
        u1_0.password,
        u1_0.username 
    from
        users u1_0 
    where
        u1_0.username=?
2026-03-06T16:50:50.217+05:30 DEBUG 32920 --- [GameApp] [           main] o.s.s.a.dao.DaoAuthenticationProvider    : Authenticated user
2026-03-06T16:50:50.218+05:30 DEBUG 32920 --- [GameApp] [           main] o.s.s.core.session.SessionRegistryImpl   : Registering session 1, for principal org.springframework.security.core.userdetails.User [Username=loginuser, Password=[PROTECTED], Enabled=true, AccountNonExpired=true, CredentialsNonExpired=true, AccountNonLocked=true, Granted Authorities=[ROLE_USER]]
2026-03-06T16:50:50.219+05:30 DEBUG 32920 --- [GameApp] [           main] w.c.HttpSessionSecurityContextRepository : Stored SecurityContextImpl [Authentication=UsernamePasswordAuthenticationToken [Principal=org.springframework.security.core.userdetails.User [Username=loginuser, Password=[PROTECTED], Enabled=true, AccountNonExpired=true, CredentialsNonExpired=true, AccountNonLocked=true, Granted Authorities=[ROLE_USER]], Credentials=[PROTECTED], Authenticated=true, Details=WebAuthenticationDetails [RemoteIpAddress=127.0.0.1, SessionId=null], Granted Authorities=[ROLE_USER]]] to HttpSession [org.springframework.mock.web.MockHttpSession@2a2d0cff]
2026-03-06T16:50:50.219+05:30 DEBUG 32920 --- [GameApp] [           main] w.a.UsernamePasswordAuthenticationFilter : Set SecurityContextHolder to UsernamePasswordAuthenticationToken [Principal=org.springframework.security.core.userdetails.User [Username=loginuser, Password=[PROTECTED], Enabled=true, AccountNonExpired=true, CredentialsNonExpired=true, AccountNonLocked=true, Granted Authorities=[ROLE_USER]], Credentials=[PROTECTED], Authenticated=true, Details=WebAuthenticationDetails [RemoteIpAddress=127.0.0.1, SessionId=null], Granted Authorities=[ROLE_USER]]
2026-03-06T16:50:50.219+05:30 DEBUG 32920 --- [GameApp] [           main] o.s.s.web.DefaultRedirectStrategy        : Redirecting to /dashboard
]]></system-out>
  </testcase>
  <testcase name="integrationTest_Login_WrongPassword_RedirectsWithError" classname="com.gameapp.integration.GameAppIntegrationTest" time="0.603">
    <system-out><![CDATA[Hibernate: 
    select
        u1_0.id,
        u1_0.created_at,
        u1_0.email,
        u1_0.first_name,
        u1_0.last_login,
        u1_0.last_name,
        u1_0.password,
        u1_0.username 
    from
        users u1_0
Hibernate: 
    delete 
    from
        users 
    where
        id=?
Hibernate: 
    select
        u1_0.id 
    from
        users u1_0 
    where
        u1_0.username=? 
    fetch
        first ? rows only
Hibernate: 
    select
        u1_0.id 
    from
        users u1_0 
    where
        u1_0.email=? 
    fetch
        first ? rows only
Hibernate: 
    insert 
    into
        users
        (created_at, email, first_name, last_login, last_name, password, username, id) 
    values
        (?, ?, ?, ?, ?, ?, ?, default)
2026-03-06T16:50:50.525+05:30 DEBUG 32920 --- [GameApp] [           main] o.s.security.web.FilterChainProxy        : Securing POST /login
Hibernate: 
    select
        u1_0.id,
        u1_0.created_at,
        u1_0.email,
        u1_0.first_name,
        u1_0.last_login,
        u1_0.last_name,
        u1_0.password,
        u1_0.username 
    from
        users u1_0 
    where
        u1_0.username=?
2026-03-06T16:50:50.822+05:30 DEBUG 32920 --- [GameApp] [           main] o.s.s.a.dao.DaoAuthenticationProvider    : Failed to authenticate since password does not match stored value
2026-03-06T16:50:50.823+05:30 DEBUG 32920 --- [GameApp] [           main] o.s.s.web.DefaultRedirectStrategy        : Redirecting to /login?error=true
]]></system-out>
  </testcase>
  <testcase name="integrationTest_Snake_Authenticated_Returns200" classname="com.gameapp.integration.GameAppIntegrationTest" time="0.444">
    <system-out><![CDATA[Hibernate: 
    select
        u1_0.id,
        u1_0.created_at,
        u1_0.email,
        u1_0.first_name,
        u1_0.last_login,
        u1_0.last_name,
        u1_0.password,
        u1_0.username 
    from
        users u1_0
Hibernate: 
    delete 
    from
        users 
    where
        id=?
Hibernate: 
    select
        u1_0.id 
    from
        users u1_0 
    where
        u1_0.username=? 
    fetch
        first ? rows only
Hibernate: 
    select
        u1_0.id 
    from
        users u1_0 
    where
        u1_0.email=? 
    fetch
        first ? rows only
Hibernate: 
    insert 
    into
        users
        (created_at, email, first_name, last_login, last_name, password, username, id) 
    values
        (?, ?, ?, ?, ?, ?, ?, default)
2026-03-06T16:50:51.128+05:30 DEBUG 32920 --- [GameApp] [           main] w.c.HttpSessionSecurityContextRepository : Created HttpSession as SecurityContext is non-default
2026-03-06T16:50:51.128+05:30 DEBUG 32920 --- [GameApp] [           main] w.c.HttpSessionSecurityContextRepository : Stored SecurityContextImpl [Authentication=UsernamePasswordAuthenticationToken [Principal=org.springframework.security.core.userdetails.User [Username=snakeuser, Password=[PROTECTED], Enabled=true, AccountNonExpired=true, CredentialsNonExpired=true, AccountNonLocked=true, Granted Authorities=[ROLE_USER]], Credentials=[PROTECTED], Authenticated=true, Details=null, Granted Authorities=[ROLE_USER]]] to HttpSession [org.springframework.mock.web.MockHttpSession@45ec9b22]
2026-03-06T16:50:51.128+05:30 DEBUG 32920 --- [GameApp] [           main] o.s.security.web.FilterChainProxy        : Securing GET /game/snake
2026-03-06T16:50:51.129+05:30 DEBUG 32920 --- [GameApp] [           main] w.c.HttpSessionSecurityContextRepository : Retrieved SecurityContextImpl [Authentication=UsernamePasswordAuthenticationToken [Principal=org.springframework.security.core.userdetails.User [Username=snakeuser, Password=[PROTECTED], Enabled=true, AccountNonExpired=true, CredentialsNonExpired=true, AccountNonLocked=true, Granted Authorities=[ROLE_USER]], Credentials=[PROTECTED], Authenticated=true, Details=null, Granted Authorities=[ROLE_USER]]]
2026-03-06T16:50:51.129+05:30 DEBUG 32920 --- [GameApp] [           main] o.s.security.web.FilterChainProxy        : Secured GET /game/snake
Hibernate: 
    select
        u1_0.id,
        u1_0.created_at,
        u1_0.email,
        u1_0.first_name,
        u1_0.last_login,
        u1_0.last_name,
        u1_0.password,
        u1_0.username 
    from
        users u1_0 
    where
        u1_0.username=?
]]></system-out>
  </testcase>
  <testcase name="integrationTest_Dashboard_RequiresAuth" classname="com.gameapp.integration.GameAppIntegrationTest" time="0.005">
    <system-out><![CDATA[Hibernate: 
    select
        u1_0.id,
        u1_0.created_at,
        u1_0.email,
        u1_0.first_name,
        u1_0.last_login,
        u1_0.last_name,
        u1_0.password,
        u1_0.username 
    from
        users u1_0
Hibernate: 
    delete 
    from
        users 
    where
        id=?
2026-03-06T16:50:51.272+05:30 DEBUG 32920 --- [GameApp] [           main] o.s.security.web.FilterChainProxy        : Securing GET /dashboard
2026-03-06T16:50:51.272+05:30 DEBUG 32920 --- [GameApp] [           main] o.s.s.w.a.AnonymousAuthenticationFilter  : Set SecurityContextHolder to anonymous SecurityContext
2026-03-06T16:50:51.273+05:30 DEBUG 32920 --- [GameApp] [           main] o.s.s.w.s.HttpSessionRequestCache        : Saved request http://localhost/dashboard?continue to session
2026-03-06T16:50:51.274+05:30 DEBUG 32920 --- [GameApp] [           main] o.s.s.web.DefaultRedirectStrategy        : Redirecting to http://localhost/login
]]></system-out>
  </testcase>
  <testcase name="integrationTest_Login_UnknownUser_RedirectsWithError" classname="com.gameapp.integration.GameAppIntegrationTest" time="0.301">
    <system-out><![CDATA[Hibernate: 
    select
        u1_0.id,
        u1_0.created_at,
        u1_0.email,
        u1_0.first_name,
        u1_0.last_login,
        u1_0.last_name,
        u1_0.password,
        u1_0.username 
    from
        users u1_0
2026-03-06T16:50:51.278+05:30 DEBUG 32920 --- [GameApp] [           main] o.s.security.web.FilterChainProxy        : Securing POST /login
Hibernate: 
    select
        u1_0.id,
        u1_0.created_at,
        u1_0.email,
        u1_0.first_name,
        u1_0.last_login,
        u1_0.last_name,
        u1_0.password,
        u1_0.username 
    from
        users u1_0 
    where
        u1_0.username=?
2026-03-06T16:50:51.575+05:30 DEBUG 32920 --- [GameApp] [           main] o.s.s.a.dao.DaoAuthenticationProvider    : Failed to find user 'ghostuser'
2026-03-06T16:50:51.575+05:30 DEBUG 32920 --- [GameApp] [           main] o.s.s.web.DefaultRedirectStrategy        : Redirecting to /login?error=true
]]></system-out>
  </testcase>
  <testcase name="integrationTest_LoginPage_PubliclyAccessible" classname="com.gameapp.integration.GameAppIntegrationTest" time="0.018">
    <system-out><![CDATA[Hibernate: 
    select
        u1_0.id,
        u1_0.created_at,
        u1_0.email,
        u1_0.first_name,
        u1_0.last_login,
        u1_0.last_name,
        u1_0.password,
        u1_0.username 
    from
        users u1_0
2026-03-06T16:50:51.579+05:30 DEBUG 32920 --- [GameApp] [           main] o.s.security.web.FilterChainProxy        : Securing GET /login
2026-03-06T16:50:51.579+05:30 DEBUG 32920 --- [GameApp] [           main] o.s.s.w.a.AnonymousAuthenticationFilter  : Set SecurityContextHolder to anonymous SecurityContext
2026-03-06T16:50:51.579+05:30 DEBUG 32920 --- [GameApp] [           main] o.s.security.web.FilterChainProxy        : Secured GET /login
]]></system-out>
  </testcase>
  <testcase name="integrationTest_Calculator_Authenticated_Returns200" classname="com.gameapp.integration.GameAppIntegrationTest" time="0.309">
    <system-out><![CDATA[Hibernate: 
    select
        u1_0.id,
        u1_0.created_at,
        u1_0.email,
        u1_0.first_name,
        u1_0.last_login,
        u1_0.last_name,
        u1_0.password,
        u1_0.username 
    from
        users u1_0
Hibernate: 
    select
        u1_0.id 
    from
        users u1_0 
    where
        u1_0.username=? 
    fetch
        first ? rows only
Hibernate: 
    select
        u1_0.id 
    from
        users u1_0 
    where
        u1_0.email=? 
    fetch
        first ? rows only
Hibernate: 
    insert 
    into
        users
        (created_at, email, first_name, last_login, last_name, password, username, id) 
    values
        (?, ?, ?, ?, ?, ?, ?, default)
2026-03-06T16:50:51.897+05:30 DEBUG 32920 --- [GameApp] [           main] w.c.HttpSessionSecurityContextRepository : Created HttpSession as SecurityContext is non-default
2026-03-06T16:50:51.897+05:30 DEBUG 32920 --- [GameApp] [           main] w.c.HttpSessionSecurityContextRepository : Stored SecurityContextImpl [Authentication=UsernamePasswordAuthenticationToken [Principal=org.springframework.security.core.userdetails.User [Username=calcuser, Password=[PROTECTED], Enabled=true, AccountNonExpired=true, CredentialsNonExpired=true, AccountNonLocked=true, Granted Authorities=[ROLE_USER]], Credentials=[PROTECTED], Authenticated=true, Details=null, Granted Authorities=[ROLE_USER]]] to HttpSession [org.springframework.mock.web.MockHttpSession@310ad792]
2026-03-06T16:50:51.897+05:30 DEBUG 32920 --- [GameApp] [           main] o.s.security.web.FilterChainProxy        : Securing GET /calculator
2026-03-06T16:50:51.897+05:30 DEBUG 32920 --- [GameApp] [           main] w.c.HttpSessionSecurityContextRepository : Retrieved SecurityContextImpl [Authentication=UsernamePasswordAuthenticationToken [Principal=org.springframework.security.core.userdetails.User [Username=calcuser, Password=[PROTECTED], Enabled=true, AccountNonExpired=true, CredentialsNonExpired=true, AccountNonLocked=true, Granted Authorities=[ROLE_USER]], Credentials=[PROTECTED], Authenticated=true, Details=null, Granted Authorities=[ROLE_USER]]]
2026-03-06T16:50:51.897+05:30 DEBUG 32920 --- [GameApp] [           main] o.s.security.web.FilterChainProxy        : Secured GET /calculator
Hibernate: 
    select
        u1_0.id,
        u1_0.created_at,
        u1_0.email,
        u1_0.first_name,
        u1_0.last_login,
        u1_0.last_name,
        u1_0.password,
        u1_0.username 
    from
        users u1_0 
    where
        u1_0.username=?
]]></system-out>
  </testcase>
  <testcase name="integrationTest_Dashboard_Authenticated_Returns200" classname="com.gameapp.integration.GameAppIntegrationTest" time="0.314">
    <system-out><![CDATA[Hibernate: 
    select
        u1_0.id,
        u1_0.created_at,
        u1_0.email,
        u1_0.first_name,
        u1_0.last_login,
        u1_0.last_name,
        u1_0.password,
        u1_0.username 
    from
        users u1_0
Hibernate: 
    delete 
    from
        users 
    where
        id=?
Hibernate: 
    select
        u1_0.id 
    from
        users u1_0 
    where
        u1_0.username=? 
    fetch
        first ? rows only
Hibernate: 
    select
        u1_0.id 
    from
        users u1_0 
    where
        u1_0.email=? 
    fetch
        first ? rows only
Hibernate: 
    insert 
    into
        users
        (created_at, email, first_name, last_login, last_name, password, username, id) 
    values
        (?, ?, ?, ?, ?, ?, ?, default)
2026-03-06T16:50:52.206+05:30 DEBUG 32920 --- [GameApp] [           main] w.c.HttpSessionSecurityContextRepository : Created HttpSession as SecurityContext is non-default
2026-03-06T16:50:52.206+05:30 DEBUG 32920 --- [GameApp] [           main] w.c.HttpSessionSecurityContextRepository : Stored SecurityContextImpl [Authentication=UsernamePasswordAuthenticationToken [Principal=org.springframework.security.core.userdetails.User [Username=dashuser, Password=[PROTECTED], Enabled=true, AccountNonExpired=true, CredentialsNonExpired=true, AccountNonLocked=true, Granted Authorities=[ROLE_USER]], Credentials=[PROTECTED], Authenticated=true, Details=null, Granted Authorities=[ROLE_USER]]] to HttpSession [org.springframework.mock.web.MockHttpSession@40679991]
2026-03-06T16:50:52.206+05:30 DEBUG 32920 --- [GameApp] [           main] o.s.security.web.FilterChainProxy        : Securing GET /dashboard
2026-03-06T16:50:52.206+05:30 DEBUG 32920 --- [GameApp] [           main] w.c.HttpSessionSecurityContextRepository : Retrieved SecurityContextImpl [Authentication=UsernamePasswordAuthenticationToken [Principal=org.springframework.security.core.userdetails.User [Username=dashuser, Password=[PROTECTED], Enabled=true, AccountNonExpired=true, CredentialsNonExpired=true, AccountNonLocked=true, Granted Authorities=[ROLE_USER]], Credentials=[PROTECTED], Authenticated=true, Details=null, Granted Authorities=[ROLE_USER]]]
2026-03-06T16:50:52.206+05:30 DEBUG 32920 --- [GameApp] [           main] o.s.security.web.FilterChainProxy        : Secured GET /dashboard
Hibernate: 
    select
        u1_0.id,
        u1_0.created_at,
        u1_0.email,
        u1_0.first_name,
        u1_0.last_login,
        u1_0.last_name,
        u1_0.password,
        u1_0.username 
    from
        users u1_0 
    where
        u1_0.username=?
Hibernate: 
    select
        count(*) 
    from
        users u1_0
]]></system-out>
  </testcase>
  <testcase name="integrationTest_Calculator_RequiresAuth" classname="com.gameapp.integration.GameAppIntegrationTest" time="0.003">
    <system-out><![CDATA[Hibernate: 
    select
        u1_0.id,
        u1_0.created_at,
        u1_0.email,
        u1_0.first_name,
        u1_0.last_login,
        u1_0.last_name,
        u1_0.password,
        u1_0.username 
    from
        users u1_0
Hibernate: 
    delete 
    from
        users 
    where
        id=?
2026-03-06T16:50:52.223+05:30 DEBUG 32920 --- [GameApp] [           main] o.s.security.web.FilterChainProxy        : Securing GET /calculator
2026-03-06T16:50:52.223+05:30 DEBUG 32920 --- [GameApp] [           main] o.s.s.w.a.AnonymousAuthenticationFilter  : Set SecurityContextHolder to anonymous SecurityContext
2026-03-06T16:50:52.223+05:30 DEBUG 32920 --- [GameApp] [           main] o.s.s.w.s.HttpSessionRequestCache        : Saved request http://localhost/calculator?continue to session
2026-03-06T16:50:52.223+05:30 DEBUG 32920 --- [GameApp] [           main] o.s.s.web.DefaultRedirectStrategy        : Redirecting to http://localhost/login
]]></system-out>
  </testcase>
  <testcase name="integrationTest_Snake_RequiresAuth" classname="com.gameapp.integration.GameAppIntegrationTest" time="0.003">
    <system-out><![CDATA[Hibernate: 
    select
        u1_0.id,
        u1_0.created_at,
        u1_0.email,
        u1_0.first_name,
        u1_0.last_login,
        u1_0.last_name,
        u1_0.password,
        u1_0.username 
    from
        users u1_0
2026-03-06T16:50:52.226+05:30 DEBUG 32920 --- [GameApp] [           main] o.s.security.web.FilterChainProxy        : Securing GET /game/snake
2026-03-06T16:50:52.226+05:30 DEBUG 32920 --- [GameApp] [           main] o.s.s.w.a.AnonymousAuthenticationFilter  : Set SecurityContextHolder to anonymous SecurityContext
2026-03-06T16:50:52.226+05:30 DEBUG 32920 --- [GameApp] [           main] o.s.s.w.s.HttpSessionRequestCache        : Saved request http://localhost/game/snake?continue to session
2026-03-06T16:50:52.226+05:30 DEBUG 32920 --- [GameApp] [           main] o.s.s.web.DefaultRedirectStrategy        : Redirecting to http://localhost/login
]]></system-out>
  </testcase>
  <testcase name="integrationTest_Register_DuplicateUsername_NoSave" classname="com.gameapp.integration.GameAppIntegrationTest" time="0.309">
    <system-out><![CDATA[Hibernate: 
    select
        u1_0.id,
        u1_0.created_at,
        u1_0.email,
        u1_0.first_name,
        u1_0.last_login,
        u1_0.last_name,
        u1_0.password,
        u1_0.username 
    from
        users u1_0
Hibernate: 
    select
        u1_0.id 
    from
        users u1_0 
    where
        u1_0.username=? 
    fetch
        first ? rows only
Hibernate: 
    select
        u1_0.id 
    from
        users u1_0 
    where
        u1_0.email=? 
    fetch
        first ? rows only
Hibernate: 
    insert 
    into
        users
        (created_at, email, first_name, last_login, last_name, password, username, id) 
    values
        (?, ?, ?, ?, ?, ?, ?, default)
Hibernate: 
    select
        count(*) 
    from
        users u1_0
2026-03-06T16:50:52.527+05:30 DEBUG 32920 --- [GameApp] [           main] o.s.security.web.FilterChainProxy        : Securing POST /register
2026-03-06T16:50:52.527+05:30 DEBUG 32920 --- [GameApp] [           main] o.s.s.w.a.AnonymousAuthenticationFilter  : Set SecurityContextHolder to anonymous SecurityContext
2026-03-06T16:50:52.527+05:30 DEBUG 32920 --- [GameApp] [           main] o.s.security.web.FilterChainProxy        : Secured POST /register
Hibernate: 
    select
        u1_0.id 
    from
        users u1_0 
    where
        u1_0.username=? 
    fetch
        first ? rows only
Hibernate: 
    select
        count(*) 
    from
        users u1_0
]]></system-out>
  </testcase>
  <testcase name="integrationTest_Logout_Redirects" classname="com.gameapp.integration.GameAppIntegrationTest" time="0.01">
    <system-out><![CDATA[Hibernate: 
    select
        u1_0.id,
        u1_0.created_at,
        u1_0.email,
        u1_0.first_name,
        u1_0.last_login,
        u1_0.last_name,
        u1_0.password,
        u1_0.username 
    from
        users u1_0
Hibernate: 
    delete 
    from
        users 
    where
        id=?
2026-03-06T16:50:52.538+05:30 DEBUG 32920 --- [GameApp] [           main] w.c.HttpSessionSecurityContextRepository : Created HttpSession as SecurityContext is non-default
2026-03-06T16:50:52.538+05:30 DEBUG 32920 --- [GameApp] [           main] w.c.HttpSessionSecurityContextRepository : Stored SecurityContextImpl [Authentication=UsernamePasswordAuthenticationToken [Principal=org.springframework.security.core.userdetails.User [Username=someuser, Password=[PROTECTED], Enabled=true, AccountNonExpired=true, CredentialsNonExpired=true, AccountNonLocked=true, Granted Authorities=[ROLE_USER]], Credentials=[PROTECTED], Authenticated=true, Details=null, Granted Authorities=[ROLE_USER]]] to HttpSession [org.springframework.mock.web.MockHttpSession@57832650]
2026-03-06T16:50:52.539+05:30 DEBUG 32920 --- [GameApp] [           main] o.s.security.web.FilterChainProxy        : Securing POST /logout
2026-03-06T16:50:52.539+05:30 DEBUG 32920 --- [GameApp] [           main] w.c.HttpSessionSecurityContextRepository : Retrieved SecurityContextImpl [Authentication=UsernamePasswordAuthenticationToken [Principal=org.springframework.security.core.userdetails.User [Username=someuser, Password=[PROTECTED], Enabled=true, AccountNonExpired=true, CredentialsNonExpired=true, AccountNonLocked=true, Granted Authorities=[ROLE_USER]], Credentials=[PROTECTED], Authenticated=true, Details=null, Granted Authorities=[ROLE_USER]]]
2026-03-06T16:50:52.539+05:30 DEBUG 32920 --- [GameApp] [           main] o.s.s.w.a.logout.LogoutFilter            : Logging out [UsernamePasswordAuthenticationToken [Principal=org.springframework.security.core.userdetails.User [Username=someuser, Password=[PROTECTED], Enabled=true, AccountNonExpired=true, CredentialsNonExpired=true, AccountNonLocked=true, Granted Authorities=[ROLE_USER]], Credentials=[PROTECTED], Authenticated=true, Details=null, Granted Authorities=[ROLE_USER]]]
2026-03-06T16:50:52.544+05:30 DEBUG 32920 --- [GameApp] [           main] o.s.s.w.a.l.SecurityContextLogoutHandler : Invalidated session 11
2026-03-06T16:50:52.544+05:30 DEBUG 32920 --- [GameApp] [           main] o.s.s.web.DefaultRedirectStrategy        : Redirecting to /login?logout=true
]]></system-out>
  </testcase>
  <testcase name="integrationTest_RegisterPage_PubliclyAccessible" classname="com.gameapp.integration.GameAppIntegrationTest" time="0.005">
    <system-out><![CDATA[Hibernate: 
    select
        u1_0.id,
        u1_0.created_at,
        u1_0.email,
        u1_0.first_name,
        u1_0.last_login,
        u1_0.last_name,
        u1_0.password,
        u1_0.username 
    from
        users u1_0
2026-03-06T16:50:52.548+05:30 DEBUG 32920 --- [GameApp] [           main] o.s.security.web.FilterChainProxy        : Securing GET /register
2026-03-06T16:50:52.548+05:30 DEBUG 32920 --- [GameApp] [           main] o.s.s.w.a.AnonymousAuthenticationFilter  : Set SecurityContextHolder to anonymous SecurityContext
2026-03-06T16:50:52.548+05:30 DEBUG 32920 --- [GameApp] [           main] o.s.security.web.FilterChainProxy        : Secured GET /register
]]></system-out>
  </testcase>
  <testcase name="integrationTest_Register_SavesUserAndRedirects" classname="com.gameapp.integration.GameAppIntegrationTest" time="0.604">
    <system-out><![CDATA[Hibernate: 
    select
        u1_0.id,
        u1_0.created_at,
        u1_0.email,
        u1_0.first_name,
        u1_0.last_login,
        u1_0.last_name,
        u1_0.password,
        u1_0.username 
    from
        users u1_0
2026-03-06T16:50:52.553+05:30 DEBUG 32920 --- [GameApp] [           main] o.s.security.web.FilterChainProxy        : Securing POST /register
2026-03-06T16:50:52.554+05:30 DEBUG 32920 --- [GameApp] [           main] o.s.s.w.a.AnonymousAuthenticationFilter  : Set SecurityContextHolder to anonymous SecurityContext
2026-03-06T16:50:52.554+05:30 DEBUG 32920 --- [GameApp] [           main] o.s.security.web.FilterChainProxy        : Secured POST /register
Hibernate: 
    select
        u1_0.id 
    from
        users u1_0 
    where
        u1_0.username=? 
    fetch
        first ? rows only
Hibernate: 
    select
        u1_0.id 
    from
        users u1_0 
    where
        u1_0.email=? 
    fetch
        first ? rows only
Hibernate: 
    insert 
    into
        users
        (created_at, email, first_name, last_login, last_name, password, username, id) 
    values
        (?, ?, ?, ?, ?, ?, ?, default)
Hibernate: 
    select
        u1_0.id 
    from
        users u1_0 
    where
        u1_0.username=? 
    fetch
        first ? rows only
Hibernate: 
    select
        u1_0.id,
        u1_0.created_at,
        u1_0.email,
        u1_0.first_name,
        u1_0.last_login,
        u1_0.last_name,
        u1_0.password,
        u1_0.username 
    from
        users u1_0 
    where
        u1_0.username=?
]]></system-out>
  </testcase>
</testsuite>