<?xml version="1.0" encoding="UTF-8"?>
<testsuite xmlns:xsi="http://www.w3.org/2001/XMLSchema-instance" xsi:noNamespaceSchemaLocation="https://maven.apache.org/surefire/maven-surefire-plugin/xsd/surefire-test-report-3.0.xsd" version="3.0" name="com.gameapp.repository.UserRepositoryTest" time="1.792" tests="17" errors="0" skipped="0" failures="0">
  <properties>
[...]
</properties>
  <testcase name="testExistsByEmail_False" classname="com.gameapp.repository.UserRepositoryTest" time="0.131">
    <system-out><![CDATA[16:50:45.923 [main] INFO org.springframework.test.context.support.AnnotationConfigContextLoaderUtils -- Could not detect default configuration classes for test class [com.gameapp.repository.UserRepositoryTest]: UserRepositoryTest does not declare any static, non-private, non-final, nested classes annotated with @Configuration.
16:50:45.987 [main] INFO org.springframework.boot.test.context.SpringBootTestContextBootstrapper -- Found @SpringBootConfiguration com.gameapp.GameAppApplication for test class com.gameapp.repository.UserRepositoryTest

  .   ____          _            __ _ _
 /\\ / ___'_ __ _ _(_)_ __  __ _ \ \ \ \
( ( )\___ | '_ | '_| | '_ \/ _` | \ \ \ \
 \\/  ___)| |_)| | | | | || (_| |  ) ) ) )
  '  |____| .__|_| |_|_| |_\__, | / / / /
 =========|_|==============|___/=/_/_/_/

 :: Spring Boot ::                (v3.3.2)

2026-03-06T16:50:46.143+05:30  INFO 32920 --- [GameApp] [           main] c.gameapp.repository.UserRepositoryTest  : Starting UserRepositoryTest using Java 25.0.1 with PID 32920 (started by manojkrishnappa in /Users/manojkrishnappa/Second-project/gameapp)
2026-03-06T16:50:46.144+05:30 DEBUG 32920 --- [GameApp] [           main] c.gameapp.repository.UserRepositoryTest  : Running with Spring Boot v3.3.2, Spring v6.1.11
2026-03-06T16:50:46.144+05:30  INFO 32920 --- [GameApp] [           main] c.gameapp.repository.UserRepositoryTest  : The following 1 profile is active: "test"
2026-03-06T16:50:46.294+05:30  INFO 32920 --- [GameApp] [           main] .s.d.r.c.RepositoryConfigurationDelegate : Bootstrapping Spring Data JPA repositories in DEFAULT mode.
2026-03-06T16:50:46.318+05:30  INFO 32920 --- [GameApp] [           main] .s.d.r.c.RepositoryConfigurationDelegate : Finished Spring Data repository scanning in 20 ms. Found 1 JPA repository interface.
2026-03-06T16:50:46.339+05:30  INFO 32920 --- [GameApp] [           main] beddedDataSourceBeanFactoryPostProcessor : Replacing 'dataSource' DataSource bean with embedded version
2026-03-06T16:50:46.401+05:30  INFO 32920 --- [GameApp] [           main] o.s.j.d.e.EmbeddedDatabaseFactory        : Starting embedded database: url='jdbc:h2:mem:c1e0629e-8dd2-40e0-bb71-7d79fcc92936;DB_CLOSE_DELAY=-1;DB_CLOSE_ON_EXIT=false', username='sa'
2026-03-06T16:50:46.538+05:30  INFO 32920 --- [GameApp] [           main] o.hibernate.jpa.internal.util.LogHelper  : HHH000204: Processing PersistenceUnitInfo [name: default]
2026-03-06T16:50:46.566+05:30  INFO 32920 --- [GameApp] [           main] org.hibernate.Version                    : HHH000412: Hibernate ORM core version 6.5.2.Final
2026-03-06T16:50:46.579+05:30  INFO 32920 --- [GameApp] [           main] o.h.c.internal.RegionFactoryInitiator    : HHH000026: Second-level cache disabled
2026-03-06T16:50:46.715+05:30  INFO 32920 --- [GameApp] [           main] o.s.o.j.p.SpringPersistenceUnitInfo      : No LoadTimeWeaver setup: ignoring JPA class transformer
2026-03-06T16:50:46.734+05:30  WARN 32920 --- [GameApp] [           main] org.hibernate.orm.deprecation            : HHH90000025: H2Dialect does not need to be specified explicitly using 'hibernate.dialect' (remove the property setting and it will be selected by default)
2026-03-06T16:50:47.074+05:30  INFO 32920 --- [GameApp] [           main] o.h.e.t.j.p.i.JtaPlatformInitiator       : HHH000489: No JTA platform available (set 'hibernate.transaction.jta.platform' to enable JTA platform integration)
Hibernate: 
    drop table if exists users cascade 
Hibernate: 
    create table users (
        created_at timestamp(6),
        id bigint generated by default as identity,
        last_login timestamp(6),
        first_name varchar(50),
        last_name varchar(50),
        username varchar(50) not null unique,
        email varchar(100) not null unique,
        password varchar(255) not null,
        primary key (id)
    )
2026-03-06T16:50:47.090+05:30  INFO 32920 --- [GameApp] [           main] j.LocalContainerEntityManagerFactoryBean : Initialized JPA EntityManagerFactory for persistence unit 'default'
2026-03-06T16:50:47.234+05:30  INFO 32920 --- [GameApp] [           main] o.s.d.j.r.query.QueryEnhancerFactory     : Hibernate is in classpath; If applicable, HQL parser will be used.
2026-03-06T16:50:47.378+05:30  INFO 32920 --- [GameApp] [           main] c.gameapp.repository.UserRepositoryTest  : Started UserRepositoryTest in 1.364 seconds (process running for 1.808)
Hibernate: 
    select
        u1_0.id,
        u1_0.created_at,
        u1_0.email,
        u1_0.first_name,
        u1_0.last_login,
        u1_0.last_name,
        u1_0.password,
        u1_0.username 
    from
        users u1_0
Hibernate: 
    insert 
    into
        users
        (created_at, email, first_name, last_login, last_name, password, username, id) 
    values
        (?, ?, ?, ?, ?, ?, ?, default)
Hibernate: 
    select
        u1_0.id 
    from
        users u1_0 
    where
        u1_0.email=? 
    fetch
        first ? rows only
]]></system-out>
  </testcase>
  <testcase name="testExistsByUsername_True" classname="com.gameapp.repository.UserRepositoryTest" time="0.006">
    <system-out><![CDATA[Hibernate: 
    select
        u1_0.id,
        u1_0.created_at,
        u1_0.email,
        u1_0.first_name,
        u1_0.last_login,
        u1_0.last_name,
        u1_0.password,
        u1_0.username 
    from
        users u1_0
Hibernate: 
    insert 
    into
        users
        (created_at, email, first_name, last_login, last_name, password, username, id) 
    values
        (?, ?, ?, ?, ?, ?, ?, default)
Hibernate: 
    select
        u1_0.id 
    from
        users u1_0 
    where
        u1_0.username=? 
    fetch
        first ? rows only
]]></system-out>
  </testcase>
  <testcase name="testSaveUser_DuplicateEmail_ThrowsException" classname="com.gameapp.repository.UserRepositoryTest" time="0.01">
    <system-out><![CDATA[Hibernate: 
    select
        u1_0.id,
        u1_0.created_at,
        u1_0.email,
        u1_0.first_name,
        u1_0.last_login,
        u1_0.last_name,
        u1_0.password,
        u1_0.username 
    from
        users u1_0
Hibernate: 
    insert 
    into
        users
        (created_at, email, first_name, last_login, last_name, password, username, id) 
    values
        (?, ?, ?, ?, ?, ?, ?, default)
Hibernate: 
    insert 
    into
        users
        (created_at, email, first_name, last_login, last_name, password, username, id) 
    values
        (?, ?, ?, ?, ?, ?, ?, default)
2026-03-06T16:50:47.534+05:30  WARN 32920 --- [GameApp] [           main] o.h.engine.jdbc.spi.SqlExceptionHelper   : SQL Error: 23505, SQLState: 23505
2026-03-06T16:50:47.534+05:30 ERROR 32920 --- [GameApp] [           main] o.h.engine.jdbc.spi.SqlExceptionHelper   : Unique index or primary key violation: "PUBLIC.CONSTRAINT_INDEX_4D ON PUBLIC.USERS(EMAIL NULLS FIRST) VALUES ( /* 3 */ 'test@example.com' )"; SQL statement:
insert into users (created_at,email,first_name,last_login,last_name,password,username,id) values (?,?,?,?,?,?,?,default) [23505-224]
]]></system-out>
  </testcase>
  <testcase name="testSaveUser_SetsCreatedAt" classname="com.gameapp.repository.UserRepositoryTest" time="0.006">
    <system-out><![CDATA[Hibernate: 
    select
        u1_0.id,
        u1_0.created_at,
        u1_0.email,
        u1_0.first_name,
        u1_0.last_login,
        u1_0.last_name,
        u1_0.password,
        u1_0.username 
    from
        users u1_0
Hibernate: 
    insert 
    into
        users
        (created_at, email, first_name, last_login, last_name, password, username, id) 
    values
        (?, ?, ?, ?, ?, ?, ?, default)
]]></system-out>
  </testcase>
  <testcase name="testExistsByUsername_False" classname="com.gameapp.repository.UserRepositoryTest" time="0.006">
    <system-out><![CDATA[Hibernate: 
    select
        u1_0.id,
        u1_0.created_at,
        u1_0.email,
        u1_0.first_name,
        u1_0.last_login,
        u1_0.last_name,
        u1_0.password,
        u1_0.username 
    from
        users u1_0
Hibernate: 
    insert 
    into
        users
        (created_at, email, first_name, last_login, last_name, password, username, id) 
    values
        (?, ?, ?, ?, ?, ?, ?, default)
Hibernate: 
    select
        u1_0.id 
    from
        users u1_0 
    where
        u1_0.username=? 
    fetch
        first ? rows only
]]></system-out>
  </testcase>
  <testcase name="testFindAll" classname="com.gameapp.repository.UserRepositoryTest" time="0.011">
    <system-out><![CDATA[Hibernate: 
    select
        u1_0.id,
        u1_0.created_at,
        u1_0.email,
        u1_0.first_name,
        u1_0.last_login,
        u1_0.last_name,
        u1_0.password,
        u1_0.username 
    from
        users u1_0
Hibernate: 
    insert 
    into
        users
        (created_at, email, first_name, last_login, last_name, password, username, id) 
    values
        (?, ?, ?, ?, ?, ?, ?, default)
Hibernate: 
    insert 
    into
        users
        (created_at, email, first_name, last_login, last_name, password, username, id) 
    values
        (?, ?, ?, ?, ?, ?, ?, default)
Hibernate: 
    insert 
    into
        users
        (created_at, email, first_name, last_login, last_name, password, username, id) 
    values
        (?, ?, ?, ?, ?, ?, ?, default)
Hibernate: 
    select
        u1_0.id,
        u1_0.created_at,
        u1_0.email,
        u1_0.first_name,
        u1_0.last_login,
        u1_0.last_name,
        u1_0.password,
        u1_0.username 
    from
        users u1_0
]]></system-out>
  </testcase>
  <testcase name="testCount" classname="com.gameapp.repository.UserRepositoryTest" time="0.029">
    <system-out><![CDATA[Hibernate: 
    select
        u1_0.id,
        u1_0.created_at,
        u1_0.email,
        u1_0.first_name,
        u1_0.last_login,
        u1_0.last_name,
        u1_0.password,
        u1_0.username 
    from
        users u1_0
Hibernate: 
    insert 
    into
        users
        (created_at, email, first_name, last_login, last_name, password, username, id) 
    values
        (?, ?, ?, ?, ?, ?, ?, default)
Hibernate: 
    select
        count(*) 
    from
        users u1_0
]]></system-out>
  </testcase>
  <testcase name="testFindByEmail_NotFound" classname="com.gameapp.repository.UserRepositoryTest" time="0.005">
    <system-out><![CDATA[Hibernate: 
    select
        u1_0.id,
        u1_0.created_at,
        u1_0.email,
        u1_0.first_name,
        u1_0.last_login,
        u1_0.last_name,
        u1_0.password,
        u1_0.username 
    from
        users u1_0
Hibernate: 
    insert 
    into
        users
        (created_at, email, first_name, last_login, last_name, password, username, id) 
    values
        (?, ?, ?, ?, ?, ?, ?, default)
Hibernate: 
    select
        u1_0.id,
        u1_0.created_at,
        u1_0.email,
        u1_0.first_name,
        u1_0.last_login,
        u1_0.last_name,
        u1_0.password,
        u1_0.username 
    from
        users u1_0 
    where
        u1_0.email=?
]]></system-out>
  </testcase>
  <testcase name="testSaveUser_DuplicateUsername_ThrowsException" classname="com.gameapp.repository.UserRepositoryTest" time="0.005">
    <system-out><![CDATA[Hibernate: 
    select
        u1_0.id,
        u1_0.created_at,
        u1_0.email,
        u1_0.first_name,
        u1_0.last_login,
        u1_0.last_name,
        u1_0.password,
        u1_0.username 
    from
        users u1_0
Hibernate: 
    insert 
    into
        users
        (created_at, email, first_name, last_login, last_name, password, username, id) 
    values
        (?, ?, ?, ?, ?, ?, ?, default)
Hibernate: 
    insert 
    into
        users
        (created_at, email, first_name, last_login, last_name, password, username, id) 
    values
        (?, ?, ?, ?, ?, ?, ?, default)
2026-03-06T16:50:47.600+05:30  WARN 32920 --- [GameApp] [           main] o.h.engine.jdbc.spi.SqlExceptionHelper   : SQL Error: 23505, SQLState: 23505
2026-03-06T16:50:47.600+05:30 ERROR 32920 --- [GameApp] [           main] o.h.engine.jdbc.spi.SqlExceptionHelper   : Unique index or primary key violation: "PUBLIC.CONSTRAINT_INDEX_4 ON PUBLIC.USERS(USERNAME NULLS FIRST) VALUES ( /* 12 */ 'testuser' )"; SQL statement:
insert into users (created_at,email,first_name,last_login,last_name,password,username,id) values (?,?,?,?,?,?,?,default) [23505-224]
]]></system-out>
  </testcase>
  <testcase name="testGetFullName_NullNames" classname="com.gameapp.repository.UserRepositoryTest" time="0.005">
    <system-out><![CDATA[Hibernate: 
    select
        u1_0.id,
        u1_0.created_at,
        u1_0.email,
        u1_0.first_name,
        u1_0.last_login,
        u1_0.last_name,
        u1_0.password,
        u1_0.username 
    from
        users u1_0
Hibernate: 
    insert 
    into
        users
        (created_at, email, first_name, last_login, last_name, password, username, id) 
    values
        (?, ?, ?, ?, ?, ?, ?, default)
]]></system-out>
  </testcase>
  <testcase name="testFindByEmail_Found" classname="com.gameapp.repository.UserRepositoryTest" time="0.005">
    <system-out><![CDATA[Hibernate: 
    select
        u1_0.id,
        u1_0.created_at,
        u1_0.email,
        u1_0.first_name,
        u1_0.last_login,
        u1_0.last_name,
        u1_0.password,
        u1_0.username 
    from
        users u1_0
Hibernate: 
    insert 
    into
        users
        (created_at, email, first_name, last_login, last_name, password, username, id) 
    values
        (?, ?, ?, ?, ?, ?, ?, default)
Hibernate: 
    select
        u1_0.id,
        u1_0.created_at,
        u1_0.email,
        u1_0.first_name,
        u1_0.last_login,
        u1_0.last_name,
        u1_0.password,
        u1_0.username 
    from
        users u1_0 
    where
        u1_0.email=?
]]></system-out>
  </testcase>
  <testcase name="testSaveUser_GeneratesId" classname="com.gameapp.repository.UserRepositoryTest" time="0.004">
    <system-out><![CDATA[Hibernate: 
    select
        u1_0.id,
        u1_0.created_at,
        u1_0.email,
        u1_0.first_name,
        u1_0.last_login,
        u1_0.last_name,
        u1_0.password,
        u1_0.username 
    from
        users u1_0
Hibernate: 
    insert 
    into
        users
        (created_at, email, first_name, last_login, last_name, password, username, id) 
    values
        (?, ?, ?, ?, ?, ?, ?, default)
Hibernate: 
    insert 
    into
        users
        (created_at, email, first_name, last_login, last_name, password, username, id) 
    values
        (?, ?, ?, ?, ?, ?, ?, default)
]]></system-out>
  </testcase>
  <testcase name="testGetFullName_BothNames" classname="com.gameapp.repository.UserRepositoryTest" time="0.004">
    <system-out><![CDATA[Hibernate: 
    select
        u1_0.id,
        u1_0.created_at,
        u1_0.email,
        u1_0.first_name,
        u1_0.last_login,
        u1_0.last_name,
        u1_0.password,
        u1_0.username 
    from
        users u1_0
Hibernate: 
    insert 
    into
        users
        (created_at, email, first_name, last_login, last_name, password, username, id) 
    values
        (?, ?, ?, ?, ?, ?, ?, default)
]]></system-out>
  </testcase>
  <testcase name="testDeleteById" classname="com.gameapp.repository.UserRepositoryTest" time="0.009">
    <system-out><![CDATA[Hibernate: 
    select
        u1_0.id,
        u1_0.created_at,
        u1_0.email,
        u1_0.first_name,
        u1_0.last_login,
        u1_0.last_name,
        u1_0.password,
        u1_0.username 
    from
        users u1_0
Hibernate: 
    insert 
    into
        users
        (created_at, email, first_name, last_login, last_name, password, username, id) 
    values
        (?, ?, ?, ?, ?, ?, ?, default)
]]></system-out>
  </testcase>
  <testcase name="testFindByUsername_Found" classname="com.gameapp.repository.UserRepositoryTest" time="0.005">
    <system-out><![CDATA[Hibernate: 
    select
        u1_0.id,
        u1_0.created_at,
        u1_0.email,
        u1_0.first_name,
        u1_0.last_login,
        u1_0.last_name,
        u1_0.password,
        u1_0.username 
    from
        users u1_0
Hibernate: 
    insert 
    into
        users
        (created_at, email, first_name, last_login, last_name, password, username, id) 
    values
        (?, ?, ?, ?, ?, ?, ?, default)
Hibernate: 
    select
        u1_0.id,
        u1_0.created_at,
        u1_0.email,
        u1_0.first_name,
        u1_0.last_login,
        u1_0.last_name,
        u1_0.password,
        u1_0.username 
    from
        users u1_0 
    where
        u1_0.username=?
]]></system-out>
  </testcase>
  <testcase name="testFindByUsername_NotFound" classname="com.gameapp.repository.UserRepositoryTest" time="0.005">
    <system-out><![CDATA[Hibernate: 
    select
        u1_0.id,
        u1_0.created_at,
        u1_0.email,
        u1_0.first_name,
        u1_0.last_login,
        u1_0.last_name,
        u1_0.password,
        u1_0.username 
    from
        users u1_0
Hibernate: 
    insert 
    into
        users
        (created_at, email, first_name, last_login, last_name, password, username, id) 
    values
        (?, ?, ?, ?, ?, ?, ?, default)
Hibernate: 
    select
        u1_0.id,
        u1_0.created_at,
        u1_0.email,
        u1_0.first_name,
        u1_0.last_login,
        u1_0.last_name,
        u1_0.password,
        u1_0.username 
    from
        users u1_0 
    where
        u1_0.username=?
]]></system-out>
  </testcase>
  <testcase name="testExistsByEmail_True" classname="com.gameapp.repository.UserRepositoryTest" time="0.003">
    <system-out><![CDATA[Hibernate: 
    select
        u1_0.id,
        u1_0.created_at,
        u1_0.email,
        u1_0.first_name,
        u1_0.last_login,
        u1_0.last_name,
        u1_0.password,
        u1_0.username 
    from
        users u1_0
Hibernate: 
    insert 
    into
        users
        (created_at, email, first_name, last_login, last_name, password, username, id) 
    values
        (?, ?, ?, ?, ?, ?, ?, default)
Hibernate: 
    select
        u1_0.id 
    from
        users u1_0 
    where
        u1_0.email=? 
    fetch
        first ? rows only
]]></system-out>
  </testcase>
</testsuite>